<?xml version="1.0" encoding="UTF-8"?><testsuite errors="0" failures="0" name="Automation Test - MLCInsurance" skipped="0" tests="7" time="45.02" timestamp="2020-01-27 09:46:41"><testcase name="Test1- Check form validation for the Request a LifeView demo for MLCInsurance Lifeview"/><testcase name="Test2- To verify calculated tax for 3 combinations of assessment year, income and residency status"/><testcase name="Test3 -To calculate shipping costs for parcels of different weights to 3 countries using the Australia Post API"/></testsuite>